[debug] [2020-02-07T18:03:15.091Z] ----------------------------------------------------------------------
[debug] [2020-02-07T18:03:15.094Z] Command:       C:\Program Files\nodejs\node.exe C:\Users\kingk\AppData\Roaming\npm\node_modules\firebase-tools\lib\bin\firebase.js init
[debug] [2020-02-07T18:03:15.094Z] CLI Version:   7.12.1
[debug] [2020-02-07T18:03:15.094Z] Platform:      win32
[debug] [2020-02-07T18:03:15.094Z] Node Version:  v12.15.0
[debug] [2020-02-07T18:03:15.095Z] Time:          Fri Feb 07 2020 23:33:15 GMT+0530 (India Standard Time)
[debug] [2020-02-07T18:03:15.096Z] ----------------------------------------------------------------------
[debug] [2020-02-07T18:03:15.096Z] 
[debug] [2020-02-07T18:03:15.103Z] > command requires scopes: ["email","openid","https://www.googleapis.com/auth/cloudplatformprojects.readonly","https://www.googleapis.com/auth/firebase","https://www.googleapis.com/auth/cloud-platform"]
[debug] [2020-02-07T18:03:15.104Z] > authorizing via signed-in user
[info] 
     ######## #### ########  ######## ########     ###     ######  ########
     ##        ##  ##     ## ##       ##     ##  ##   ##  ##       ##
     ######    ##  ########  ######   ########  #########  ######  ######
     ##        ##  ##    ##  ##       ##     ## ##     ##       ## ##
     ##       #### ##     ## ######## ########  ##     ##  ######  ########

You're about to initialize a Firebase project in this directory:

  E:\vtu-in-pocket

[info] 
=== Project Setup
[info] 
[info] First, let's associate this project directory with a Firebase project.
[info] You can create multiple project aliases by running firebase use --add, 
[info] but for now we'll just set up a default project.
[info] 
[debug] [2020-02-07T18:03:29.506Z] > refreshing access token with scopes: ["email","https://www.googleapis.com/auth/cloud-platform","https://www.googleapis.com/auth/cloudplatformprojects.readonly","https://www.googleapis.com/auth/firebase","openid"]
[debug] [2020-02-07T18:03:29.506Z] >>> HTTP REQUEST POST https://www.googleapis.com/oauth2/v3/token  
 <request body omitted>
[debug] [2020-02-07T18:03:30.960Z] <<< HTTP RESPONSE 200
[debug] [2020-02-07T18:03:30.975Z] >>> HTTP REQUEST GET https://firebase.googleapis.com/v1beta1/projects?pageSize=100  
 
[debug] [2020-02-07T18:03:32.377Z] <<< HTTP RESPONSE 200
[info] i  Using project vtu-in-pocket (vtu-in-pocket)
[info] 
=== Hosting Setup
[info] 
[info] Your public directory is the folder (relative to your project directory) that
[info] will contain Hosting assets to be uploaded with firebase deploy. If you
[info] have a build process for your assets, use your build's output directory.
[info] 
[info] i  Skipping write of public/404.html
[debug] [2020-02-07T18:04:37.566Z] >>> HTTP REQUEST GET https://www.gstatic.com/firebasejs/releases.json  
 
[debug] [2020-02-07T18:04:39.176Z] <<< HTTP RESPONSE 200
[info] i  Skipping write of public/index.html
[info] 
[info] i  Writing configuration info to firebase.json...
[info] i  Writing project information to .firebaserc...
[info] i  Writing gitignore file to .gitignore...
[info] 
[info] +  Firebase initialization complete!
